Checking activity-actions.tsx... ERRORS:
app/components/shared/activity-actions.tsx(4,8): error TS1259: Module '"/Users/rajatdhanda/sandbox/sandbox-app/sandbox-app/node_modules/@types/react/index"' can only be default-imported using the 'esModuleInterop' flag
app/components/shared/activity-actions.tsx(7,59): error TS2307: Cannot find module '@/lib/styles' or its corresponding type declarations.
app/components/shared/activity-actions.tsx(32,29): error TS17004: Cannot use JSX unless the '--jsx' flag is provided.
Checking attachment-field.tsx... ERRORS:
app/components/shared/attachment-field.tsx(2,8): error TS1259: Module '"/Users/rajatdhanda/sandbox/sandbox-app/sandbox-app/node_modules/@types/react/index"' can only be default-imported using the 'esModuleInterop' flag
app/components/shared/attachment-field.tsx(15,24): error TS2307: Cannot find module '@/lib/styles' or its corresponding type declarations.
app/components/shared/attachment-field.tsx(54,16): error TS17004: Cannot use JSX unless the '--jsx' flag is provided.
Checking auth-service.tsx... ERRORS:
app/components/shared/auth-service.tsx(4,20): error TS2307: Cannot find module '@/lib/supabase/services/database.service' or its corresponding type declarations.
app/components/shared/auth-service.tsx(5,26): error TS2307: Cannot find module '@/lib/auth/roles' or its corresponding type declarations.
app/components/shared/auth-service.tsx(6,26): error TS2307: Cannot find module '@/lib/supabase/client' or its corresponding type declarations.
Checking auto-form.tsx... ERRORS:
app/components/shared/auto-form.tsx(4,8): error TS1259: Module '"/Users/rajatdhanda/sandbox/sandbox-app/sandbox-app/node_modules/@types/react/index"' can only be default-imported using the 'esModuleInterop' flag
app/components/shared/auto-form.tsx(6,24): error TS2307: Cannot find module '@/lib/styles' or its corresponding type declarations.
app/components/shared/auto-form.tsx(7,31): error TS6142: Module './smart-selector' was resolved to '/Users/rajatdhanda/sandbox/sandbox-app/sandbox-app/app/components/shared/smart-selector.tsx', but '--jsx' is not set.
Checking button-styles.tsx... ERRORS:
app/components/shared/button-styles.tsx(2,24): error TS2307: Cannot find module '@/lib/styles' or its corresponding type declarations.
Checking class-selector.tsx... ERRORS:
app/components/shared/class-selector.tsx(2,8): error TS1259: Module '"/Users/rajatdhanda/sandbox/sandbox-app/sandbox-app/node_modules/@types/react/index"' can only be default-imported using the 'esModuleInterop' flag
app/components/shared/class-selector.tsx(4,24): error TS2307: Cannot find module '@/lib/styles' or its corresponding type declarations.
app/components/shared/class-selector.tsx(5,30): error TS6142: Module './button-styles' was resolved to '/Users/rajatdhanda/sandbox/sandbox-app/sandbox-app/app/components/shared/button-styles.tsx', but '--jsx' is not set.
Checking confirm-button.tsx... ERRORS:
app/components/shared/confirm-button.tsx(2,8): error TS1259: Module '"/Users/rajatdhanda/sandbox/sandbox-app/sandbox-app/node_modules/@types/react/index"' can only be default-imported using the 'esModuleInterop' flag
app/components/shared/confirm-button.tsx(5,24): error TS2307: Cannot find module '@/lib/styles' or its corresponding type declarations.
app/components/shared/confirm-button.tsx(16,5): error TS17004: Cannot use JSX unless the '--jsx' flag is provided.
Checking console-logger.tsx... ERRORS:
app/components/shared/console-logger.tsx(2,8): error TS1259: Module '"/Users/rajatdhanda/sandbox/sandbox-app/sandbox-app/node_modules/@types/react/index"' can only be default-imported using the 'esModuleInterop' flag
app/components/shared/console-logger.tsx(6,59): error TS2307: Cannot find module '@/lib/styles' or its corresponding type declarations.
app/components/shared/console-logger.tsx(79,5): error TS17004: Cannot use JSX unless the '--jsx' flag is provided.
Checking crud-components.tsx... ERRORS:
app/components/shared/crud-components.tsx(4,8): error TS1259: Module '"/Users/rajatdhanda/sandbox/sandbox-app/sandbox-app/node_modules/@types/react/index"' can only be default-imported using the 'esModuleInterop' flag
app/components/shared/crud-components.tsx(16,73): error TS2307: Cannot find module '@/lib/styles' or its corresponding type declarations.
app/components/shared/crud-components.tsx(38,3): error TS17004: Cannot use JSX unless the '--jsx' flag is provided.
Checking curriculum-form.tsx... ERRORS:
app/components/shared/curriculum-form.tsx(2,8): error TS1259: Module '"/Users/rajatdhanda/sandbox/sandbox-app/sandbox-app/node_modules/@types/react/index"' can only be default-imported using the 'esModuleInterop' flag
app/components/shared/curriculum-form.tsx(7,24): error TS2307: Cannot find module '@/lib/styles' or its corresponding type declarations.
app/components/shared/curriculum-form.tsx(8,20): error TS2307: Cannot find module '@/lib/supabase/services/database.service' or its corresponding type declarations.
Checking curriculum-picker.tsx... ERRORS:
app/components/shared/curriculum-picker.tsx(2,8): error TS1259: Module '"/Users/rajatdhanda/sandbox/sandbox-app/sandbox-app/node_modules/@types/react/index"' can only be default-imported using the 'esModuleInterop' flag
app/components/shared/curriculum-picker.tsx(5,24): error TS2307: Cannot find module '@/lib/styles' or its corresponding type declarations.
app/components/shared/curriculum-picker.tsx(6,30): error TS6142: Module './button-styles' was resolved to '/Users/rajatdhanda/sandbox/sandbox-app/sandbox-app/app/components/shared/button-styles.tsx', but '--jsx' is not set.
Checking daily-activity-calendar.tsx... ERRORS:
app/components/shared/daily-activity-calendar.tsx(5,8): error TS1259: Module '"/Users/rajatdhanda/sandbox/sandbox-app/sandbox-app/node_modules/@types/react/index"' can only be default-imported using the 'esModuleInterop' flag
app/components/shared/daily-activity-calendar.tsx(16,82): error TS2307: Cannot find module '@/lib/styles' or its corresponding type declarations.
app/components/shared/daily-activity-calendar.tsx(17,34): error TS6142: Module './date-time-controls' was resolved to '/Users/rajatdhanda/sandbox/sandbox-app/sandbox-app/app/components/shared/date-time-controls.tsx', but '--jsx' is not set.
Checking data-service-original.tsx... ERRORS:
app/components/shared/data-service-original.tsx(4,20): error TS2307: Cannot find module '@/lib/supabase/services/database.service' or its corresponding type declarations.
app/components/shared/data-service-original.tsx(5,8): error TS1259: Module '"/Users/rajatdhanda/sandbox/sandbox-app/sandbox-app/node_modules/@types/react/index"' can only be default-imported using the 'esModuleInterop' flag
app/components/shared/data-service-original.tsx(11,8): error TS2307: Cannot find module '@/lib/supabase/services' or its corresponding type declarations.
Checking data-service.tsx... ERRORS:
app/components/shared/data-service.tsx(30,8): error TS1259: Module '"/Users/rajatdhanda/sandbox/sandbox-app/sandbox-app/node_modules/@types/react/index"' can only be default-imported using the 'esModuleInterop' flag
app/components/shared/data-service.tsx(31,20): error TS2307: Cannot find module '@/lib/supabase/services/database.service' or its corresponding type declarations.
app/components/shared/data-service.tsx(928,29): error TS2362: The left-hand side of an arithmetic operation must be of type 'any', 'number', 'bigint' or an enum type.
Checking date-selector.tsx... ERRORS:
app/components/shared/date-selector.tsx(2,8): error TS1259: Module '"/Users/rajatdhanda/sandbox/sandbox-app/sandbox-app/node_modules/@types/react/index"' can only be default-imported using the 'esModuleInterop' flag
app/components/shared/date-selector.tsx(5,24): error TS2307: Cannot find module '@/lib/styles' or its corresponding type declarations.
app/components/shared/date-selector.tsx(6,30): error TS6142: Module './button-styles' was resolved to '/Users/rajatdhanda/sandbox/sandbox-app/sandbox-app/app/components/shared/button-styles.tsx', but '--jsx' is not set.
Checking date-time-controls.tsx... ERRORS:
app/components/shared/date-time-controls.tsx(5,8): error TS1259: Module '"/Users/rajatdhanda/sandbox/sandbox-app/sandbox-app/node_modules/@types/react/index"' can only be default-imported using the 'esModuleInterop' flag
app/components/shared/date-time-controls.tsx(8,59): error TS2307: Cannot find module '@/lib/styles' or its corresponding type declarations.
app/components/shared/date-time-controls.tsx(9,30): error TS6142: Module './button-styles' was resolved to '/Users/rajatdhanda/sandbox/sandbox-app/sandbox-app/app/components/shared/button-styles.tsx', but '--jsx' is not set.
Checking date-week-selector.tsx... ERRORS:
app/components/shared/date-week-selector.tsx(2,8): error TS1259: Module '"/Users/rajatdhanda/sandbox/sandbox-app/sandbox-app/node_modules/@types/react/index"' can only be default-imported using the 'esModuleInterop' flag
app/components/shared/date-week-selector.tsx(5,24): error TS2307: Cannot find module '@/lib/styles' or its corresponding type declarations.
app/components/shared/date-week-selector.tsx(36,5): error TS17004: Cannot use JSX unless the '--jsx' flag is provided.
Checking dimension-pills.tsx... ERRORS:
app/components/shared/dimension-pills.tsx(4,8): error TS1259: Module '"/Users/rajatdhanda/sandbox/sandbox-app/sandbox-app/node_modules/@types/react/index"' can only be default-imported using the 'esModuleInterop' flag
app/components/shared/dimension-pills.tsx(6,59): error TS2307: Cannot find module '@/lib/styles' or its corresponding type declarations.
app/components/shared/dimension-pills.tsx(29,42): error TS2365: Operator '>' cannot be applied to types 'unknown' and 'number'.
Checking empty-state.tsx... ERRORS:
app/components/shared/empty-state.tsx(4,8): error TS1259: Module '"/Users/rajatdhanda/sandbox/sandbox-app/sandbox-app/node_modules/@types/react/index"' can only be default-imported using the 'esModuleInterop' flag
app/components/shared/empty-state.tsx(6,45): error TS2307: Cannot find module '@/lib/styles' or its corresponding type declarations.
app/components/shared/empty-state.tsx(22,5): error TS17004: Cannot use JSX unless the '--jsx' flag is provided.
Checking entity-selector.tsx... ERRORS:
app/components/shared/entity-selector.tsx(2,8): error TS1259: Module '"/Users/rajatdhanda/sandbox/sandbox-app/sandbox-app/node_modules/@types/react/index"' can only be default-imported using the 'esModuleInterop' flag
app/components/shared/entity-selector.tsx(5,24): error TS2307: Cannot find module '@/lib/styles' or its corresponding type declarations.
app/components/shared/entity-selector.tsx(19,5): error TS17004: Cannot use JSX unless the '--jsx' flag is provided.
Checking file-attachments.tsx... ERRORS:
app/components/shared/file-attachments.tsx(2,8): error TS1259: Module '"/Users/rajatdhanda/sandbox/sandbox-app/sandbox-app/node_modules/@types/react/index"' can only be default-imported using the 'esModuleInterop' flag
app/components/shared/file-attachments.tsx(5,24): error TS2307: Cannot find module '@/lib/styles' or its corresponding type declarations.
app/components/shared/file-attachments.tsx(52,14): error TS17004: Cannot use JSX unless the '--jsx' flag is provided.
Checking file-upload-field.tsx... ERRORS:
app/components/shared/file-upload-field.tsx(4,8): error TS1259: Module '"/Users/rajatdhanda/sandbox/sandbox-app/sandbox-app/node_modules/@types/react/index"' can only be default-imported using the 'esModuleInterop' flag
app/components/shared/file-upload-field.tsx(7,38): error TS2307: Cannot find module '@/lib/styles' or its corresponding type declarations.
app/components/shared/file-upload-field.tsx(8,26): error TS2307: Cannot find module '@/lib/supabase/client' or its corresponding type declarations.
Checking form-controls.tsx... ERRORS:
app/components/shared/form-controls.tsx(5,8): error TS1259: Module '"/Users/rajatdhanda/sandbox/sandbox-app/sandbox-app/node_modules/@types/react/index"' can only be default-imported using the 'esModuleInterop' flag
app/components/shared/form-controls.tsx(8,59): error TS2307: Cannot find module '@/lib/styles' or its corresponding type declarations.
app/components/shared/form-controls.tsx(116,5): error TS17004: Cannot use JSX unless the '--jsx' flag is provided.
Checking kmap-radar-chart.tsx... ERRORS:
app/components/shared/kmap-radar-chart.tsx(5,8): error TS1259: Module '"/Users/rajatdhanda/sandbox/sandbox-app/sandbox-app/node_modules/@types/react/index"' can only be default-imported using the 'esModuleInterop' flag
app/components/shared/kmap-radar-chart.tsx(10,45): error TS2307: Cannot find module '@/lib/styles' or its corresponding type declarations.
app/components/shared/kmap-radar-chart.tsx(146,5): error TS17004: Cannot use JSX unless the '--jsx' flag is provided.
Checking learning-activity-card.tsx... ERRORS:
app/components/shared/learning-activity-card.tsx(5,8): error TS1259: Module '"/Users/rajatdhanda/sandbox/sandbox-app/sandbox-app/node_modules/@types/react/index"' can only be default-imported using the 'esModuleInterop' flag
app/components/shared/learning-activity-card.tsx(14,68): error TS2307: Cannot find module '@/lib/styles' or its corresponding type declarations.
app/components/shared/learning-activity-card.tsx(15,29): error TS6142: Module './progress-components' was resolved to '/Users/rajatdhanda/sandbox/sandbox-app/sandbox-app/app/components/shared/progress-components.tsx', but '--jsx' is not set.
Checking media-components.tsx... ERRORS:
app/components/shared/media-components.tsx(5,8): error TS1259: Module '"/Users/rajatdhanda/sandbox/sandbox-app/sandbox-app/node_modules/@types/react/index"' can only be default-imported using the 'esModuleInterop' flag
app/components/shared/media-components.tsx(8,68): error TS2307: Cannot find module '@/lib/styles' or its corresponding type declarations.
app/components/shared/media-components.tsx(9,26): error TS2307: Cannot find module '@/lib/supabase' or its corresponding type declarations.
Checking progress-bar.tsx... ERRORS:
app/components/shared/progress-bar.tsx(4,8): error TS1259: Module '"/Users/rajatdhanda/sandbox/sandbox-app/sandbox-app/node_modules/@types/react/index"' can only be default-imported using the 'esModuleInterop' flag
app/components/shared/progress-bar.tsx(6,59): error TS2307: Cannot find module '@/lib/styles' or its corresponding type declarations.
app/components/shared/progress-bar.tsx(26,5): error TS17004: Cannot use JSX unless the '--jsx' flag is provided.
Checking progress-components.tsx... ERRORS:
app/components/shared/progress-components.tsx(5,8): error TS1259: Module '"/Users/rajatdhanda/sandbox/sandbox-app/sandbox-app/node_modules/@types/react/index"' can only be default-imported using the 'esModuleInterop' flag
app/components/shared/progress-components.tsx(24,68): error TS2307: Cannot find module '@/lib/styles' or its corresponding type declarations.
app/components/shared/progress-components.tsx(73,5): error TS17004: Cannot use JSX unless the '--jsx' flag is provided.
Checking progress-summary-card.tsx... OK
Checking progress-timeline.tsx... ERRORS:
app/components/shared/progress-timeline.tsx(5,8): error TS1259: Module '"/Users/rajatdhanda/sandbox/sandbox-app/sandbox-app/node_modules/@types/react/index"' can only be default-imported using the 'esModuleInterop' flag
app/components/shared/progress-timeline.tsx(53,68): error TS2307: Cannot find module '@/lib/styles' or its corresponding type declarations.
app/components/shared/progress-timeline.tsx(54,32): error TS6142: Module './kmap-radar-chart' was resolved to '/Users/rajatdhanda/sandbox/sandbox-app/sandbox-app/app/components/shared/kmap-radar-chart.tsx', but '--jsx' is not set.
Checking quick-observation-panel.tsx... ERRORS:
app/components/shared/quick-observation-panel.tsx(5,8): error TS1259: Module '"/Users/rajatdhanda/sandbox/sandbox-app/sandbox-app/node_modules/@types/react/index"' can only be default-imported using the 'esModuleInterop' flag
app/components/shared/quick-observation-panel.tsx(6,33): error TS6142: Module '../shared/student-selector' was resolved to '/Users/rajatdhanda/sandbox/sandbox-app/sandbox-app/app/components/shared/student-selector.tsx', but '--jsx' is not set.
app/components/shared/quick-observation-panel.tsx(24,82): error TS2307: Cannot find module '@/lib/styles' or its corresponding type declarations.
Checking relationship-manager.tsx... ERRORS:
app/components/shared/relationship-manager.tsx(2,8): error TS1259: Module '"/Users/rajatdhanda/sandbox/sandbox-app/sandbox-app/node_modules/@types/react/index"' can only be default-imported using the 'esModuleInterop' flag
app/components/shared/relationship-manager.tsx(6,32): error TS6142: Module './entity-selector' was resolved to '/Users/rajatdhanda/sandbox/sandbox-app/sandbox-app/app/components/shared/entity-selector.tsx', but '--jsx' is not set.
app/components/shared/relationship-manager.tsx(7,20): error TS2307: Cannot find module '@/lib/supabase/services/database.service' or its corresponding type declarations.
Checking scrollable-container.tsx... ERRORS:
app/components/shared/scrollable-container.tsx(4,8): error TS1259: Module '"/Users/rajatdhanda/sandbox/sandbox-app/sandbox-app/node_modules/@types/react/index"' can only be default-imported using the 'esModuleInterop' flag
app/components/shared/scrollable-container.tsx(50,5): error TS17004: Cannot use JSX unless the '--jsx' flag is provided.
app/components/shared/scrollable-container.tsx(51,7): error TS17004: Cannot use JSX unless the '--jsx' flag is provided.
Checking selection-components.tsx... ERRORS:
app/components/shared/selection-components.tsx(5,8): error TS1259: Module '"/Users/rajatdhanda/sandbox/sandbox-app/sandbox-app/node_modules/@types/react/index"' can only be default-imported using the 'esModuleInterop' flag
app/components/shared/selection-components.tsx(23,59): error TS2307: Cannot find module '@/lib/styles' or its corresponding type declarations.
app/components/shared/selection-components.tsx(65,5): error TS17004: Cannot use JSX unless the '--jsx' flag is provided.
Checking selection-controls.tsx... ERRORS:
app/components/shared/selection-controls.tsx(5,8): error TS1259: Module '"/Users/rajatdhanda/sandbox/sandbox-app/sandbox-app/node_modules/@types/react/index"' can only be default-imported using the 'esModuleInterop' flag
app/components/shared/selection-controls.tsx(22,59): error TS2307: Cannot find module '@/lib/styles' or its corresponding type declarations.
app/components/shared/selection-controls.tsx(57,5): error TS17004: Cannot use JSX unless the '--jsx' flag is provided.
Checking smart-selector.tsx... ERRORS:
app/components/shared/smart-selector.tsx(2,8): error TS1259: Module '"/Users/rajatdhanda/sandbox/sandbox-app/sandbox-app/node_modules/@types/react/index"' can only be default-imported using the 'esModuleInterop' flag
app/components/shared/smart-selector.tsx(5,24): error TS2307: Cannot find module '@/lib/styles' or its corresponding type declarations.
app/components/shared/smart-selector.tsx(101,5): error TS17004: Cannot use JSX unless the '--jsx' flag is provided.
Checking stat-cards.tsx... ERRORS:
app/components/shared/stat-cards.tsx(4,8): error TS1259: Module '"/Users/rajatdhanda/sandbox/sandbox-app/sandbox-app/node_modules/@types/react/index"' can only be default-imported using the 'esModuleInterop' flag
app/components/shared/stat-cards.tsx(6,68): error TS2307: Cannot find module '@/lib/styles' or its corresponding type declarations.
app/components/shared/stat-cards.tsx(22,5): error TS17004: Cannot use JSX unless the '--jsx' flag is provided.
Checking status-button.tsx... ERRORS:
app/components/shared/status-button.tsx(2,8): error TS1259: Module '"/Users/rajatdhanda/sandbox/sandbox-app/sandbox-app/node_modules/@types/react/index"' can only be default-imported using the 'esModuleInterop' flag
app/components/shared/status-button.tsx(5,24): error TS2307: Cannot find module '@/lib/styles' or its corresponding type declarations.
app/components/shared/status-button.tsx(6,30): error TS6142: Module './button-styles' was resolved to '/Users/rajatdhanda/sandbox/sandbox-app/sandbox-app/app/components/shared/button-styles.tsx', but '--jsx' is not set.
Checking student-progress-grid.tsx... ERRORS:
app/components/shared/student-progress-grid.tsx(5,8): error TS1259: Module '"/Users/rajatdhanda/sandbox/sandbox-app/sandbox-app/node_modules/@types/react/index"' can only be default-imported using the 'esModuleInterop' flag
app/components/shared/student-progress-grid.tsx(25,68): error TS2307: Cannot find module '@/lib/styles' or its corresponding type declarations.
app/components/shared/student-progress-grid.tsx(26,45): error TS6142: Module './progress-components' was resolved to '/Users/rajatdhanda/sandbox/sandbox-app/sandbox-app/app/components/shared/progress-components.tsx', but '--jsx' is not set.
Checking student-selector.tsx... ERRORS:
app/components/shared/student-selector.tsx(4,8): error TS1259: Module '"/Users/rajatdhanda/sandbox/sandbox-app/sandbox-app/node_modules/@types/react/index"' can only be default-imported using the 'esModuleInterop' flag
app/components/shared/student-selector.tsx(7,68): error TS2307: Cannot find module '@/lib/styles' or its corresponding type declarations.
app/components/shared/student-selector.tsx(8,27): error TS6142: Module './text-inputs' was resolved to '/Users/rajatdhanda/sandbox/sandbox-app/sandbox-app/app/components/shared/text-inputs.tsx', but '--jsx' is not set.
Checking tab-navigation.tsx... ERRORS:
app/components/shared/tab-navigation.tsx(2,8): error TS1259: Module '"/Users/rajatdhanda/sandbox/sandbox-app/sandbox-app/node_modules/@types/react/index"' can only be default-imported using the 'esModuleInterop' flag
app/components/shared/tab-navigation.tsx(4,24): error TS2307: Cannot find module '@/lib/styles' or its corresponding type declarations.
app/components/shared/tab-navigation.tsx(22,5): error TS17004: Cannot use JSX unless the '--jsx' flag is provided.
Checking teacher-activity-card.tsx... ERRORS:
app/components/shared/teacher-activity-card.tsx(5,8): error TS1259: Module '"/Users/rajatdhanda/sandbox/sandbox-app/sandbox-app/node_modules/@types/react/index"' can only be default-imported using the 'esModuleInterop' flag
app/components/shared/teacher-activity-card.tsx(12,68): error TS2307: Cannot find module '@/lib/styles' or its corresponding type declarations.
app/components/shared/teacher-activity-card.tsx(13,45): error TS6142: Module './progress-components' was resolved to '/Users/rajatdhanda/sandbox/sandbox-app/sandbox-app/app/components/shared/progress-components.tsx', but '--jsx' is not set.
Checking text-inputs.tsx... ERRORS:
app/components/shared/text-inputs.tsx(5,8): error TS1259: Module '"/Users/rajatdhanda/sandbox/sandbox-app/sandbox-app/node_modules/@types/react/index"' can only be default-imported using the 'esModuleInterop' flag
app/components/shared/text-inputs.tsx(17,68): error TS2307: Cannot find module '@/lib/styles' or its corresponding type declarations.
app/components/shared/text-inputs.tsx(149,5): error TS17004: Cannot use JSX unless the '--jsx' flag is provided.
Checking time-schedule.tsx... ERRORS:
app/components/shared/time-schedule.tsx(2,8): error TS1259: Module '"/Users/rajatdhanda/sandbox/sandbox-app/sandbox-app/node_modules/@types/react/index"' can only be default-imported using the 'esModuleInterop' flag
app/components/shared/time-schedule.tsx(5,24): error TS2307: Cannot find module '@/lib/styles' or its corresponding type declarations.
app/components/shared/time-schedule.tsx(32,5): error TS17004: Cannot use JSX unless the '--jsx' flag is provided.
